

Version:	3.8
CmdLine:	E:\naman games\Tetris\Tetris.exe --l4j-debug
WOW64:		yes
Working dir:	E:\naman games\Tetris\.
64-bit search:	SOFTWARE\JavaSoft\Java Runtime Environment...
Check:		SOFTWARE\JavaSoft\Java Runtime Environment\1.8
Check launcher:	C:\Program Files\Java\jre1.8.0_71\bin\javaw.exe (OK)
Match:		1.8
Check:		SOFTWARE\JavaSoft\Java Runtime Environment\1.8.0_71
Check launcher:	C:\Program Files\Java\jre1.8.0_71\bin\javaw.exe (OK)
Match:		1.8.0_71
64-bit search:	SOFTWARE\JavaSoft\Java Development Kit...
Check:		SOFTWARE\JavaSoft\Java Development Kit\1.8
Ignore:		1.8
Check:		SOFTWARE\JavaSoft\Java Development Kit\1.8.0_71
Ignore:		1.8.0_71
Runtime used:	1.8.0_71 (64-bit)
Launcher:	C:\Program Files\Java\jre1.8.0_71\bin\javaw.exe
Launcher args:	-jar "E:\naman games\Tetris\Tetris.exe"
Args length:	39/32768 chars
Exit code:	0


Version:	3.8
CmdLine:	E:\naman games\Tetris\Tetris.exe --l4j-debug
WOW64:		yes
Working dir:	E:\naman games\Tetris\.
64-bit search:	SOFTWARE\JavaSoft\Java Runtime Environment...
Check:		SOFTWARE\JavaSoft\Java Runtime Environment\1.8
Check launcher:	C:\Program Files\Java\jre1.8.0_71\bin\javaw.exe (OK)
Match:		1.8
Check:		SOFTWARE\JavaSoft\Java Runtime Environment\1.8.0_71
Check launcher:	C:\Program Files\Java\jre1.8.0_71\bin\javaw.exe (OK)
Match:		1.8.0_71
64-bit search:	SOFTWARE\JavaSoft\Java Development Kit...
Check:		SOFTWARE\JavaSoft\Java Development Kit\1.8
Ignore:		1.8
Check:		SOFTWARE\JavaSoft\Java Development Kit\1.8.0_71
Ignore:		1.8.0_71
Runtime used:	1.8.0_71 (64-bit)
Launcher:	C:\Program Files\Java\jre1.8.0_71\bin\javaw.exe
Launcher args:	-jar "E:\naman games\Tetris\Tetris.exe"
Args length:	39/32768 chars
Exit code:	0
